{"name":"deleteUserTest","status":"broken","statusDetails":{"known":false,"muted":false,"flaky":false,"message":"Failed to parse the JSON document","trace":"io.restassured.path.json.exception.JsonPathException: Failed to parse the JSON document\n\tat io.restassured.path.json.JsonPath$ExceptionCatcher.invoke(JsonPath.java:1002)\n\tat io.restassured.path.json.JsonPath$4.doParseWith(JsonPath.java:967)\n\tat io.restassured.path.json.JsonPath$JsonParser.parseWith(JsonPath.java:1047)\n\tat io.restassured.path.json.JsonPath.get(JsonPath.java:202)\n\tat com.qa.gorest.tests.DeleteUserAPITest.deleteUserTest(DeleteUserAPITest.java:52)\n\tat sun.reflect.NativeMethodAccessorImpl.invoke0(Native Method)\n\tat sun.reflect.NativeMethodAccessorImpl.invoke(NativeMethodAccessorImpl.java:62)\n\tat sun.reflect.DelegatingMethodAccessorImpl.invoke(DelegatingMethodAccessorImpl.java:43)\n\tat java.lang.reflect.Method.invoke(Method.java:498)\n\tat org.testng.internal.MethodInvocationHelper.invokeMethod(MethodInvocationHelper.java:124)\n\tat org.testng.internal.Invoker.invokeMethod(Invoker.java:583)\n\tat org.testng.internal.Invoker.invokeTestMethod(Invoker.java:719)\n\tat org.testng.internal.Invoker.invokeTestMethods(Invoker.java:989)\n\tat org.testng.internal.TestMethodWorker.invokeTestMethods(TestMethodWorker.java:125)\n\tat org.testng.internal.TestMethodWorker.run(TestMethodWorker.java:109)\n\tat java.util.concurrent.ThreadPoolExecutor.runWorker(ThreadPoolExecutor.java:1149)\n\tat java.util.concurrent.ThreadPoolExecutor$Worker.run(ThreadPoolExecutor.java:624)\n\tat java.lang.Thread.run(Thread.java:748)\nCaused by: groovy.json.JsonException: Lexing failed on line: 1, column: 1, while reading '<', no possible valid JSON value or punctuation could be recognized.\n\tat groovy.json.JsonLexer.nextToken(JsonLexer.java:86)\n\tat groovy.json.JsonLexer$nextToken.call(Unknown Source)\n\tat io.restassured.internal.path.json.ConfigurableJsonSlurper.parse(ConfigurableJsonSlurper.groovy:97)\n\tat io.restassured.internal.path.json.ConfigurableJsonSlurper$parse.callCurrent(Unknown Source)\n\tat io.restassured.internal.path.json.ConfigurableJsonSlurper.parseText(ConfigurableJsonSlurper.groovy:83)\n\tat io.restassured.path.json.JsonPath$4$1.method(JsonPath.java:965)\n\tat io.restassured.path.json.JsonPath$ExceptionCatcher.invoke(JsonPath.java:1000)\n\t... 17 more\n"},"stage":"finished","description":"test case name: delete user api with a new user...","steps":[],"attachments":[{"name":"deleteUserTest failed and screenshot taken!","source":"4f29259f-5d21-419b-8a00-39bcefcba26f-attachment","type":"text/plain"}],"parameters":[],"start":1568599139311,"stop":1568599139920,"uuid":"2044110c-118c-4303-bb1a-bddebc3208aa","historyId":"7ff9d473a151f63e8984e5c1a85482d4","fullName":"com.qa.gorest.tests.DeleteUserAPITest.deleteUserTest","labels":[{"name":"package","value":"com.qa.gorest.tests.DeleteUserAPITest"},{"name":"testClass","value":"com.qa.gorest.tests.DeleteUserAPITest"},{"name":"testMethod","value":"deleteUserTest"},{"name":"parentSuite","value":"GO Rest Test Suite"},{"name":"suite","value":"Go Rest regression Test"},{"name":"subSuite","value":"com.qa.gorest.tests.DeleteUserAPITest"},{"name":"host","value":"Naveen-Mac.local"},{"name":"thread","value":"96110@Naveen-Mac.local.TestNG-test=Go Rest regression Test-2(15)"},{"name":"framework","value":"testng"},{"name":"language","value":"java"},{"name":"severity","value":"critical"}],"links":[]}